<?xml version="1.0" encoding="UTF-8"?>
<!-- Generated by org.testng.reporters.JUnitXMLReporter -->
<testsuite hostname="CASA-" name="Command line test" tests="3" failures="0" timestamp="22 Jun 2014 17:47:39 GMT" time="0.023" errors="0">
  <testcase name="testMain" time="0.007" classname="nkrichkoTesterTutorisal.AppTest"/>
  <testcase name="test" time="0.0" classname="nkrichkoTesterTutorisal.lesson_1.CreateFileTest"/>
  <testcase name="testCreateFile" time="0.001" classname="nkrichkoTesterTutorisal.lesson_1.CreateFileTest"/>
</testsuite> <!-- Command line test -->
